#
# A fatal error has been detected by the Java Runtime Environment:
#
#  EXCEPTION_ACCESS_VIOLATION (0xc0000005) at pc=0x00000000022c537a, pid=1556, tid=0x00000000000029d0
#
# JRE version: OpenJDK Runtime Environment (8.0_242-b01) (build 1.8.0_242-release-1644-b01)
# Java VM: OpenJDK 64-Bit Server VM (25.242-b01 mixed mode windows-amd64 compressed oops)
# Problematic frame:
# j  java.lang.Throwable.printStackTrace(Ljava/io/PrintWriter;)V+9
#
# Failed to write core dump. Minidumps are not enabled by default on client versions of Windows
#
# If you would like to submit a bug report, please visit:
#   
#

---------------  T H R E A D  ---------------

Current thread (0x000000001c05c800):  JavaThread "Daemon worker Thread 5" [_thread_in_Java, id=10704, stack(0x000000001b1a0000,0x000000001b2a0000)]

siginfo: ExceptionCode=0xc0000005, reading address 0x000000001128c360

Registers:
RAX=0x0000000024b0f478, RBX=0x000000001128c310, RCX=0x00000000ea1eca40, RDX=0x00000000022a809d
RSP=0x000000001b29b6b0, RBP=0x000000001b29b708, RSI=0x0000000000000020, RDI=0x0000000000759af0
R8 =0x0000000000000006, R9 =0x00000000000000de, R10=0x0000000058b15d00, R11=0x00000000023aeb40
R12=0x0000000000000000, R13=0x000000001b29b6b8, R14=0x000000001b29b720, R15=0x000000001c05c800
RIP=0x00000000022c537a, EFLAGS=0x0000000000010293

Top of Stack: (sp=0x000000001b29b6b0)
0x000000001b29b6b0:   00000000022a809d 00000000ea1eebe8
0x000000001b29b6c0:   00000000ea1eca40 000000001b29b6c8
0x000000001b29b6d0:   000000001528c5a9 000000001b29b720
0x000000001b29b6e0:   000000001531cb40 0000000024b0f478
0x000000001b29b6f0:   000000001528c5b8 000000001b29b6b8
0x000000001b29b700:   000000001b29b718 000000001b29b768
0x000000001b29b710:   00000000022a809d 00000000ea1eeba8
0x000000001b29b720:   00000000ea1eca40 000000001b29b728
0x000000001b29b730:   00000000156ca487 000000001b29b798
0x000000001b29b740:   0000000023ad8c98 0000000000000000
0x000000001b29b750:   00000000156ca558 000000001b29b718
0x000000001b29b760:   000000001b29b790 000000001b29b7e0
0x000000001b29b770:   00000000022a809d 0000000000000000
0x000000001b29b780:   0000000000000000 0000000000000000
0x000000001b29b790:   00000000ea1eeba8 00000000ea1eca40
0x000000001b29b7a0:   000000001b29b7a0 00000000278f0e83 

Instructions: (pc=0x00000000022c537a)
0x00000000022c535a:   48 83 c0 10 4c 8b 68 d8 41 83 ed 04 41 c1 e5 03
0x00000000022c536a:   49 03 c5 48 89 45 e0 4c 8d 6c 24 08 4c 89 6d f0
0x00000000022c537a:   ff 63 50 66 66 90 c0 02 00 00 00 00 00 00 20 48
0x00000000022c538a:   92 58 00 00 00 00 b8 00 00 00 00 00 00 00 00 00 


Register to memory mapping:

RAX=0x0000000024b0f478 is pointing into metadata
RBX=0x000000001128c310 is an unknown value
RCX=0x00000000ea1eca40 is an oop
org.gradle.api.tasks.TaskExecutionException 
 - klass: 'org/gradle/api/tasks/TaskExecutionException'
RDX=0x00000000022a809d is at code_begin+2301 in an Interpreter codelet
invoke return entry points  [0x00000000022a77a0, 0x00000000022a8180]  2528 bytes
RSP=0x000000001b29b6b0 is pointing into the stack for thread: 0x000000001c05c800
RBP=0x000000001b29b708 is pointing into the stack for thread: 0x000000001c05c800
RSI=0x0000000000000020 is an unknown value
RDI=0x0000000000759af0 is an unknown value
R8 =0x0000000000000006 is an unknown value
R9 =0x00000000000000de is an unknown value
R10=0x0000000058b15d00 is an unknown value
R11=0x00000000023aeb40 is at entry_point+32 in (nmethod*)0x00000000023ae9d0
R12=0x0000000000000000 is an unknown value
R13=0x000000001b29b6b8 is pointing into the stack for thread: 0x000000001c05c800
R14=0x000000001b29b720 is pointing into the stack for thread: 0x000000001c05c800
R15=0x000000001c05c800 is a thread


Stack: [0x000000001b1a0000,0x000000001b2a0000],  sp=0x000000001b29b6b0,  free space=1005k
Native frames: (J=compiled Java code, j=interpreted, Vv=VM code, C=native code)
C  0x00000000022c537a


---------------  P R O C E S S  ---------------

Java Threads: ( => current thread )
  0x000000001c9c9000 JavaThread "WorkerExecutor Queue Thread 4" [_thread_blocked, id=8412, stack(0x0000000026f60000,0x0000000027060000)]
  0x000000001c9d0000 JavaThread "WorkerExecutor Queue Thread 3" [_thread_blocked, id=2656, stack(0x0000000026e60000,0x0000000026f60000)]
  0x000000001c9ca000 JavaThread "stdout" [_thread_in_native, id=12108, stack(0x0000000026d60000,0x0000000026e60000)]
  0x000000001c9c8800 JavaThread "stderr" [_thread_in_native, id=5544, stack(0x00000000253c0000,0x00000000254c0000)]
  0x000000001c9cf000 JavaThread "stdout" [_thread_in_native, id=9360, stack(0x0000000024fc0000,0x00000000250c0000)]
  0x000000001c9ce800 JavaThread "stderr" [_thread_in_native, id=8584, stack(0x0000000024ec0000,0x0000000024fc0000)]
  0x000000001c9cd000 JavaThread "WorkerExecutor Queue Thread 2" [_thread_blocked, id=3312, stack(0x0000000026860000,0x0000000026960000)]
  0x000000001c9c1000 JavaThread "pool-14-thread-1" [_thread_blocked, id=11300, stack(0x0000000026760000,0x0000000026860000)]
  0x000000001c9c6000 JavaThread "WorkerExecutor Queue" [_thread_blocked, id=6616, stack(0x0000000025150000,0x0000000025250000)]
  0x000000001c9c7000 JavaThread "Cache worker for execution history cache (G:\TickTok1910\TickTok\.gradle\5.6.4\executionHistory)" [_thread_blocked, id=4048, stack(0x0000000024dc0000,0x0000000024ec0000)]
  0x000000001c9c4800 JavaThread "Execution worker for ':' Thread 3" [_thread_blocked, id=14204, stack(0x0000000024cc0000,0x0000000024dc0000)]
  0x000000001c9c4000 JavaThread "Execution worker for ':' Thread 2" [_thread_blocked, id=8640, stack(0x00000000248f0000,0x00000000249f0000)]
  0x000000001c9c2800 JavaThread "Execution worker for ':'" [_thread_blocked, id=11428, stack(0x00000000246c0000,0x00000000247c0000)]
  0x000000001c067000 JavaThread "Cache worker for file content cache (G:\TickTok1910\TickTok\.gradle\5.6.4\fileContent)" [_thread_blocked, id=13664, stack(0x00000000247f0000,0x00000000248f0000)]
  0x000000001c065800 JavaThread "Cache worker for Build Output Cleanup Cache (G:\TickTok1910\TickTok\.gradle\buildOutputCleanup)" [_thread_blocked, id=4468, stack(0x00000000242c0000,0x00000000243c0000)]
  0x000000001c068800 JavaThread "pool-13-thread-1" [_thread_blocked, id=13736, stack(0x00000000238a0000,0x00000000239a0000)]
  0x000000001c064800 JavaThread "Build operations Thread 4" [_thread_blocked, id=13304, stack(0x00000000235a0000,0x00000000236a0000)]
  0x000000001c05d000 JavaThread "Build operations Thread 3" [_thread_blocked, id=14300, stack(0x0000000022d30000,0x0000000022e30000)]
  0x000000001c062800 JavaThread "Build operations Thread 2" [_thread_blocked, id=13584, stack(0x0000000021d80000,0x0000000021e80000)]
  0x000000001c061800 JavaThread "Build operations" [_thread_blocked, id=6548, stack(0x0000000021a80000,0x0000000021b80000)]
  0x000000001c05f800 JavaThread "Cache worker for cache directory md-rule (C:\Users\Dell\.gradle\caches\5.6.4\md-rule)" [_thread_blocked, id=9844, stack(0x0000000020700000,0x0000000020800000)]
  0x000000001c063000 JavaThread "Cache worker for cache directory md-supplier (C:\Users\Dell\.gradle\caches\5.6.4\md-supplier)" [_thread_blocked, id=14000, stack(0x00000000201d0000,0x00000000202d0000)]
  0x000000001c064000 JavaThread "Cache worker for file hash cache (G:\TickTok1910\TickTok\.gradle\5.6.4\fileHashes)" [_thread_blocked, id=14260, stack(0x000000001f7d0000,0x000000001f8d0000)]
  0x000000001c05b000 JavaThread "Thread-109" [_thread_blocked, id=11180, stack(0x000000001de10000,0x000000001df10000)]
  0x000000001c05a000 JavaThread "Stdin handler" [_thread_blocked, id=1620, stack(0x000000001cc70000,0x000000001cd70000)]
  0x000000001c060000 JavaThread "Asynchronous log dispatcher for DefaultDaemonConnection: socket connection from /127.0.0.1:65060 to /127.0.0.1:49677" [_thread_blocked, id=11332, stack(0x000000001b4a0000,0x000000001b5a0000)]
=>0x000000001c05c800 JavaThread "Daemon worker Thread 5" [_thread_in_Java, id=10704, stack(0x000000001b1a0000,0x000000001b2a0000)]
  0x000000001c061000 JavaThread "Cancel handler" [_thread_blocked, id=8824, stack(0x000000001b0a0000,0x000000001b1a0000)]
  0x000000001c05e000 JavaThread "Handler for socket connection from /127.0.0.1:65060 to /127.0.0.1:49677" [_thread_in_native, id=12928, stack(0x000000001ada0000,0x000000001aea0000)]
  0x000000001c05e800 JavaThread "Daemon Thread 5" [_thread_blocked, id=8668, stack(0x000000001aca0000,0x000000001ada0000)]
  0x000000001c05b800 JavaThread "MarlinRenderer Disposer" daemon [_thread_blocked, id=7304, stack(0x0000000026c60000,0x0000000026d60000)]
  0x000000001c9c1800 JavaThread "Java2D Disposer" daemon [_thread_blocked, id=2740, stack(0x0000000026b60000,0x0000000026c60000)]
  0x000000001c9cb800 JavaThread "Cache worker for file content cache (C:\Users\Dell\.gradle\caches\5.6.4\fileContent)" [_thread_blocked, id=7664, stack(0x00000000243c0000,0x00000000244c0000)]
  0x00000000184db800 JavaThread "Memory manager" [_thread_blocked, id=12148, stack(0x0000000022ea0000,0x0000000022fa0000)]
  0x00000000184d2800 JavaThread "Cache worker for execution history cache (C:\Users\Dell\.gradle\caches\5.6.4\executionHistory)" [_thread_blocked, id=9584, stack(0x000000001f8d0000,0x000000001f9d0000)]
  0x000000001808e000 JavaThread "Cache worker for journal cache (C:\Users\Dell\.gradle\caches\journal-1)" [_thread_blocked, id=2100, stack(0x000000001b9a0000,0x000000001baa0000)]
  0x000000001808d800 JavaThread "File lock request listener" [_thread_in_native, id=11320, stack(0x000000001b8a0000,0x000000001b9a0000)]
  0x0000000018090800 JavaThread "Cache worker for file hash cache (C:\Users\Dell\.gradle\caches\5.6.4\fileHashes)" [_thread_blocked, id=3560, stack(0x000000001b7a0000,0x000000001b8a0000)]
  0x0000000019605800 JavaThread "Daemon periodic checks" [_thread_blocked, id=11396, stack(0x000000001aba0000,0x000000001aca0000)]
  0x0000000019604000 JavaThread "Incoming local TCP Connector on port 65060" [_thread_in_native, id=5092, stack(0x000000001a960000,0x000000001aa60000)]
  0x00000000178d2800 JavaThread "Daemon health stats" [_thread_blocked, id=14220, stack(0x000000001a320000,0x000000001a420000)]
  0x0000000015c6d000 JavaThread "Service Thread" daemon [_thread_blocked, id=9788, stack(0x0000000017980000,0x0000000017a80000)]
  0x0000000015c2c000 JavaThread "C1 CompilerThread2" daemon [_thread_blocked, id=5012, stack(0x0000000017480000,0x0000000017580000)]
  0x0000000015c1a000 JavaThread "C2 CompilerThread1" daemon [_thread_blocked, id=5608, stack(0x0000000017380000,0x0000000017480000)]
  0x0000000015c12000 JavaThread "C2 CompilerThread0" daemon [_thread_blocked, id=12596, stack(0x0000000017280000,0x0000000017380000)]
  0x0000000015c16000 JavaThread "Attach Listener" daemon [_thread_blocked, id=11456, stack(0x0000000017180000,0x0000000017280000)]
  0x0000000015c14800 JavaThread "Signal Dispatcher" daemon [_thread_blocked, id=11344, stack(0x0000000017080000,0x0000000017180000)]
  0x000000000229b000 JavaThread "Finalizer" daemon [_thread_blocked, id=7264, stack(0x0000000016e80000,0x0000000016f80000)]
  0x0000000015bf9000 JavaThread "Reference Handler" daemon [_thread_blocked, id=13660, stack(0x0000000016d80000,0x0000000016e80000)]
  0x0000000001fcd800 JavaThread "main" [_thread_blocked, id=13748, stack(0x00000000020a0000,0x00000000021a0000)]

Other Threads:
  0x0000000015bd6000 VMThread [stack: 0x0000000016c80000,0x0000000016d80000] [id=13568]
  0x0000000015c6d800 WatcherThread [stack: 0x0000000017a80000,0x0000000017b80000] [id=7692]

VM state:not at safepoint (normal execution)

VM Mutex/Monitor currently owned by a thread: None

heap address: 0x00000000a0000000, size: 1536 MB, Compressed Oops mode: 32-bit
Narrow klass base: 0x0000000000000000, Narrow klass shift: 3
Compressed class space size: 1073741824 Address: 0x0000000100000000

Heap:
 PSYoungGen      total 225280K, used 180912K [0x00000000e0000000, 0x00000000f0f00000, 0x0000000100000000)
  eden space 182272K, 94% used [0x00000000e0000000,0x00000000ea8153f0,0x00000000eb200000)
  from space 43008K, 20% used [0x00000000ee500000,0x00000000eed96ef0,0x00000000f0f00000)
  to   space 47616K, 0% used [0x00000000eb200000,0x00000000eb200000,0x00000000ee080000)
 ParOldGen       total 246272K, used 139247K [0x00000000a0000000, 0x00000000af080000, 0x00000000e0000000)
  object space 246272K, 56% used [0x00000000a0000000,0x00000000a87fbd58,0x00000000af080000)
 Metaspace       used 93560K, capacity 97766K, committed 97920K, reserved 1134592K
  class space    used 11941K, capacity 12907K, committed 12928K, reserved 1048576K

Card table byte_map: [0x0000000011660000,0x0000000011970000] byte_map_base: 0x0000000011160000

Marking Bits: (ParMarkBitMap*) 0x0000000058b2f030
 Begin Bits: [0x0000000011f70000, 0x0000000013770000)
 End Bits:   [0x0000000013770000, 0x0000000014f70000)

Polling page: 0x0000000001f20000

CodeCache: size=245760Kb used=49057Kb max_used=49057Kb free=196702Kb
 bounds [0x00000000022a0000, 0x00000000052d0000, 0x00000000112a0000]
 total_blobs=15111 nmethods=14102 adapters=921
 compilation: enabled

Compilation events (10 events):
Event: 1522.166 Thread 0x0000000015c2c000 17313       3       java.util.TimSort::mergeAt (358 bytes)
Event: 1522.167 Thread 0x0000000015c2c000 nmethod 17313 0x0000000005293550 code [0x0000000005293720, 0x0000000005293cd8]
Event: 1522.211 Thread 0x0000000015c2c000 17314       3       com.google.common.cache.LocalCache::recordsWrite (20 bytes)
Event: 1522.211 Thread 0x0000000015c2c000 nmethod 17314 0x0000000005241490 code [0x0000000005241600, 0x0000000005241990]
Event: 1522.212 Thread 0x0000000015c2c000 17315       3       kotlin.io.LinesSequence$iterator$1::next (5 bytes)
Event: 1522.212 Thread 0x0000000015c2c000 nmethod 17315 0x0000000005293150 code [0x00000000052932c0, 0x00000000052934c8]
Event: 1522.212 Thread 0x0000000015c2c000 17316       3       kotlin.io.LinesSequence$iterator$1::next (40 bytes)
Event: 1522.212 Thread 0x0000000015c2c000 nmethod 17316 0x0000000005292410 code [0x0000000005292600, 0x0000000005292da8]
Event: 1522.225 Thread 0x0000000015c2c000 17317       1       org.gradle.internal.work.DefaultConditionalExecutionQueue::access$100 (5 bytes)
Event: 1522.225 Thread 0x0000000015c2c000 nmethod 17317 0x00000000052bfd10 code [0x00000000052bfe60, 0x00000000052bff50]

GC Heap History (10 events):
Event: 1065.215 GC heap before
{Heap before GC invocations=22 (full 3):
 PSYoungGen      total 197632K, used 197623K [0x00000000e0000000, 0x00000000eef00000, 0x0000000100000000)
  eden space 179200K, 100% used [0x00000000e0000000,0x00000000eaf00000,0x00000000eaf00000)
  from space 18432K, 99% used [0x00000000edd00000,0x00000000eeefdee8,0x00000000eef00000)
  to   space 22528K, 0% used [0x00000000ec300000,0x00000000ec300000,0x00000000ed900000)
 ParOldGen       total 110080K, used 59743K [0x00000000a0000000, 0x00000000a6b80000, 0x00000000e0000000)
  object space 110080K, 54% used [0x00000000a0000000,0x00000000a3a57ed0,0x00000000a6b80000)
 Metaspace       used 86440K, capacity 90562K, committed 90752K, reserved 1128448K
  class space    used 11210K, capacity 12107K, committed 12160K, reserved 1048576K
Event: 1065.294 GC heap after
Heap after GC invocations=22 (full 3):
 PSYoungGen      total 195584K, used 22500K [0x00000000e0000000, 0x00000000ee600000, 0x0000000100000000)
  eden space 173056K, 0% used [0x00000000e0000000,0x00000000e0000000,0x00000000ea900000)
  from space 22528K, 99% used [0x00000000ec300000,0x00000000ed8f90c0,0x00000000ed900000)
  to   space 13312K, 0% used [0x00000000ed900000,0x00000000ed900000,0x00000000ee600000)
 ParOldGen       total 110080K, used 75435K [0x00000000a0000000, 0x00000000a6b80000, 0x00000000e0000000)
  object space 110080K, 68% used [0x00000000a0000000,0x00000000a49aae08,0x00000000a6b80000)
 Metaspace       used 86440K, capacity 90562K, committed 90752K, reserved 1128448K
  class space    used 11210K, capacity 12107K, committed 12160K, reserved 1048576K
}
Event: 1074.326 GC heap before
{Heap before GC invocations=23 (full 3):
 PSYoungGen      total 195584K, used 183885K [0x00000000e0000000, 0x00000000ee600000, 0x0000000100000000)
  eden space 173056K, 93% used [0x00000000e0000000,0x00000000e9d9a670,0x00000000ea900000)
  from space 22528K, 99% used [0x00000000ec300000,0x00000000ed8f90c0,0x00000000ed900000)
  to   space 13312K, 0% used [0x00000000ed900000,0x00000000ed900000,0x00000000ee600000)
 ParOldGen       total 110080K, used 91819K [0x00000000a0000000, 0x00000000a6b80000, 0x00000000e0000000)
  object space 110080K, 83% used [0x00000000a0000000,0x00000000a59aae18,0x00000000a6b80000)
 Metaspace       used 89624K, capacity 93852K, committed 94208K, reserved 1130496K
  class space    used 11502K, capacity 12428K, committed 12544K, reserved 1048576K
Event: 1074.458 GC heap after
Heap after GC invocations=23 (full 3):
 PSYoungGen      total 180224K, used 13280K [0x00000000e0000000, 0x00000000efc00000, 0x0000000100000000)
  eden space 166912K, 0% used [0x00000000e0000000,0x00000000e0000000,0x00000000ea300000)
  from space 13312K, 99% used [0x00000000ed900000,0x00000000ee5f81d0,0x00000000ee600000)
  to   space 45568K, 0% used [0x00000000ea300000,0x00000000ea300000,0x00000000ecf80000)
 ParOldGen       total 137216K, used 135963K [0x00000000a0000000, 0x00000000a8600000, 0x00000000e0000000)
  object space 137216K, 99% used [0x00000000a0000000,0x00000000a84c6e08,0x00000000a8600000)
 Metaspace       used 89624K, capacity 93852K, committed 94208K, reserved 1130496K
  class space    used 11502K, capacity 12428K, committed 12544K, reserved 1048576K
}
Event: 1074.458 GC heap before
{Heap before GC invocations=24 (full 4):
 PSYoungGen      total 180224K, used 13280K [0x00000000e0000000, 0x00000000efc00000, 0x0000000100000000)
  eden space 166912K, 0% used [0x00000000e0000000,0x00000000e0000000,0x00000000ea300000)
  from space 13312K, 99% used [0x00000000ed900000,0x00000000ee5f81d0,0x00000000ee600000)
  to   space 45568K, 0% used [0x00000000ea300000,0x00000000ea300000,0x00000000ecf80000)
 ParOldGen       total 137216K, used 135963K [0x00000000a0000000, 0x00000000a8600000, 0x00000000e0000000)
  object space 137216K, 99% used [0x00000000a0000000,0x00000000a84c6e08,0x00000000a8600000)
 Metaspace       used 89624K, capacity 93852K, committed 94208K, reserved 1130496K
  class space    used 11502K, capacity 12428K, committed 12544K, reserved 1048576K
Event: 1075.292 GC heap after
Heap after GC invocations=24 (full 4):
 PSYoungGen      total 180224K, used 0K [0x00000000e0000000, 0x00000000efc00000, 0x0000000100000000)
  eden space 166912K, 0% used [0x00000000e0000000,0x00000000e0000000,0x00000000ea300000)
  from space 13312K, 0% used [0x00000000ed900000,0x00000000ed900000,0x00000000ee600000)
  to   space 45568K, 0% used [0x00000000ea300000,0x00000000ea300000,0x00000000ecf80000)
 ParOldGen       total 246272K, used 122773K [0x00000000a0000000, 0x00000000af080000, 0x00000000e0000000)
  object space 246272K, 49% used [0x00000000a0000000,0x00000000a77e54d8,0x00000000af080000)
 Metaspace       used 89421K, capacity 93324K, committed 94208K, reserved 1130496K
  class space    used 11438K, capacity 12328K, committed 12544K, reserved 1048576K
}
Event: 1078.056 GC heap before
{Heap before GC invocations=25 (full 4):
 PSYoungGen      total 180224K, used 166912K [0x00000000e0000000, 0x00000000efc00000, 0x0000000100000000)
  eden space 166912K, 100% used [0x00000000e0000000,0x00000000ea300000,0x00000000ea300000)
  from space 13312K, 0% used [0x00000000ed900000,0x00000000ed900000,0x00000000ee600000)
  to   space 45568K, 0% used [0x00000000ea300000,0x00000000ea300000,0x00000000ecf80000)
 ParOldGen       total 246272K, used 122847K [0x00000000a0000000, 0x00000000af080000, 0x00000000e0000000)
  object space 246272K, 49% used [0x00000000a0000000,0x00000000a77f7d48,0x00000000af080000)
 Metaspace       used 89466K, capacity 93330K, committed 94208K, reserved 1130496K
  class space    used 11440K, capacity 12329K, committed 12544K, reserved 1048576K
Event: 1078.067 GC heap after
Heap after GC invocations=25 (full 4):
 PSYoungGen      total 212480K, used 33384K [0x00000000e0000000, 0x00000000f1480000, 0x0000000100000000)
  eden space 166912K, 0% used [0x00000000e0000000,0x00000000e0000000,0x00000000ea300000)
  from space 45568K, 73% used [0x00000000ea300000,0x00000000ec39a070,0x00000000ecf80000)
  to   space 48640K, 0% used [0x00000000ee500000,0x00000000ee500000,0x00000000f1480000)
 ParOldGen       total 246272K, used 139239K [0x00000000a0000000, 0x00000000af080000, 0x00000000e0000000)
  object space 246272K, 56% used [0x00000000a0000000,0x00000000a87f9d58,0x00000000af080000)
 Metaspace       used 89466K, capacity 93330K, committed 94208K, reserved 1130496K
  class space    used 11440K, capacity 12329K, committed 12544K, reserved 1048576K
}
Event: 1508.652 GC heap before
{Heap before GC invocations=26 (full 4):
 PSYoungGen      total 212480K, used 200296K [0x00000000e0000000, 0x00000000f1480000, 0x0000000100000000)
  eden space 166912K, 100% used [0x00000000e0000000,0x00000000ea300000,0x00000000ea300000)
  from space 45568K, 73% used [0x00000000ea300000,0x00000000ec39a070,0x00000000ecf80000)
  to   space 48640K, 0% used [0x00000000ee500000,0x00000000ee500000,0x00000000f1480000)
 ParOldGen       total 246272K, used 139239K [0x00000000a0000000, 0x00000000af080000, 0x00000000e0000000)
  object space 246272K, 56% used [0x00000000a0000000,0x00000000a87f9d58,0x00000000af080000)
 Metaspace       used 93279K, capacity 97282K, committed 97664K, reserved 1134592K
  class space    used 11908K, capacity 12833K, committed 12928K, reserved 1048576K
Event: 1508.670 GC heap after
Heap after GC invocations=26 (full 4):
 PSYoungGen      total 225280K, used 8795K [0x00000000e0000000, 0x00000000f0f00000, 0x0000000100000000)
  eden space 182272K, 0% used [0x00000000e0000000,0x00000000e0000000,0x00000000eb200000)
  from space 43008K, 20% used [0x00000000ee500000,0x00000000eed96ef0,0x00000000f0f00000)
  to   space 47616K, 0% used [0x00000000eb200000,0x00000000eb200000,0x00000000ee080000)
 ParOldGen       total 246272K, used 139247K [0x00000000a0000000, 0x00000000af080000, 0x00000000e0000000)
  object space 246272K, 56% used [0x00000000a0000000,0x00000000a87fbd58,0x00000000af080000)
 Metaspace       used 93279K, capacity 97282K, committed 97664K, reserved 1134592K
  class space    used 11908K, capacity 12833K, committed 12928K, reserved 1048576K
}

Deoptimization events (10 events):
Event: 1512.109 Thread 0x000000001c9c2800 Uncommon trap: reason=bimorphic action=maybe_recompile pc=0x0000000004b7bf24 method=com.android.utils.XmlUtils.getSourceFilePosition(Lorg/w3c/dom/Node;)Lcom/android/ide/common/blame/SourceFilePosition; @ 3
Event: 1512.109 Thread 0x000000001c9c2800 Uncommon trap: reason=bimorphic action=maybe_recompile pc=0x0000000004b7bf24 method=com.android.utils.XmlUtils.getSourceFilePosition(Lorg/w3c/dom/Node;)Lcom/android/ide/common/blame/SourceFilePosition; @ 3
Event: 1512.165 Thread 0x000000001c9c2800 Uncommon trap: reason=unstable_if action=reinterpret pc=0x0000000003228298 method=com.google.gson.stream.JsonReader.nextQuotedValue(C)Ljava/lang/String; @ 96
Event: 1512.282 Thread 0x000000001c9c2800 Uncommon trap: reason=class_check action=maybe_recompile pc=0x00000000050afb80 method=com.android.ide.common.resources.NodeUtils.duplicateNode(Lorg/w3c/dom/Document;Lorg/w3c/dom/Node;)Lorg/w3c/dom/Node; @ 1
Event: 1512.283 Thread 0x000000001c9c2800 Uncommon trap: reason=class_check action=maybe_recompile pc=0x00000000050afb80 method=com.android.ide.common.resources.NodeUtils.duplicateNode(Lorg/w3c/dom/Document;Lorg/w3c/dom/Node;)Lorg/w3c/dom/Node; @ 1
Event: 1512.283 Thread 0x000000001c9c2800 Uncommon trap: reason=class_check action=maybe_recompile pc=0x00000000050afb80 method=com.android.ide.common.resources.NodeUtils.duplicateNode(Lorg/w3c/dom/Document;Lorg/w3c/dom/Node;)Lorg/w3c/dom/Node; @ 1
Event: 1512.283 Thread 0x000000001c9c2800 Uncommon trap: reason=class_check action=maybe_recompile pc=0x00000000050afb80 method=com.android.ide.common.resources.NodeUtils.duplicateNode(Lorg/w3c/dom/Document;Lorg/w3c/dom/Node;)Lorg/w3c/dom/Node; @ 1
Event: 1512.300 Thread 0x000000001c9c2800 Uncommon trap: reason=unstable_if action=reinterpret pc=0x0000000004f73968 method=com.sun.org.apache.xerces.internal.dom.ElementNSImpl.getNamespaceURI()Ljava/lang/String; @ 4
Event: 1514.063 Thread 0x000000001c05c800 Uncommon trap: reason=class_check action=maybe_recompile pc=0x0000000004a8b4b8 method=org.gradle.api.internal.artifacts.transform.DefaultTransformationNodeRegistry.unpackTransformation(Lorg/gradle/api/internal/artifacts/transform/Transformation;)Ljava/uti
Event: 1522.234 Thread 0x000000001c05c800 Uncommon trap: reason=class_check action=maybe_recompile pc=0x00000000048a4448 method=org.gradle.internal.Try.map(Ljava/util/function/Function;)Lorg/gradle/internal/Try; @ 10

Classes redefined (0 events):
No events

Internal exceptions (10 events):
Event: 1120.231 Thread 0x00000000184d3800 Exception <a 'java/lang/reflect/InvocationTargetException'> (0x00000000e89e90e8) thrown at [C:\src\AOSP-openjdk-git\hotspot\src\share\vm\runtime\reflection.cpp, line 1092]
Event: 1120.259 Thread 0x000000001c9c7000 Exception <a 'java/lang/NoSuchMethodError': <clinit>> (0x00000000e9320760) thrown at [C:\src\AOSP-openjdk-git\hotspot\src\share\vm\prims\jni.cpp, line 1615]
Event: 1120.262 Thread 0x000000001c9c7000 Exception <a 'java/lang/NoSuchMethodError': <clinit>> (0x00000000e9329f98) thrown at [C:\src\AOSP-openjdk-git\hotspot\src\share\vm\prims\jni.cpp, line 1615]
Event: 1120.264 Thread 0x00000000184d9800 Exception <a 'sun/nio/fs/WindowsException'> (0x00000000e524a008) thrown at [C:\src\AOSP-openjdk-git\hotspot\src\share\vm\prims\jni.cpp, line 710]
Event: 1508.731 Thread 0x000000001c05c800 Exception <a 'sun/nio/fs/WindowsException'> (0x00000000e0178d40) thrown at [C:\src\AOSP-openjdk-git\hotspot\src\share\vm\prims\jni.cpp, line 710]
Event: 1511.653 Thread 0x000000001c9c2800 Implicit null exception at 0x0000000004d7bce1 to 0x0000000004d7eb35
Event: 1512.082 Thread 0x000000001c9c2800 Implicit null exception at 0x0000000004bd6ef5 to 0x0000000004bd6f79
Event: 1512.109 Thread 0x000000001c9c2800 Implicit null exception at 0x0000000004f52b5a to 0x0000000004f52d89
Event: 1521.969 Thread 0x000000001c9c6000 Exception <a 'sun/nio/fs/WindowsException'> (0x00000000ea3cd8a0) thrown at [C:\src\AOSP-openjdk-git\hotspot\src\share\vm\prims\jni.cpp, line 710]
Event: 1522.225 Thread 0x000000001c05c800 Exception <a 'java/lang/reflect/InvocationTargetException'> (0x00000000ea1e3368) thrown at [C:\src\AOSP-openjdk-git\hotspot\src\share\vm\runtime\reflection.cpp, line 1092]

Events (10 events):
Event: 1522.221 loading class com/google/common/cache/RemovalCause$2 done
Event: 1522.222 loading class com/google/common/cache/RemovalCause$3
Event: 1522.222 loading class com/google/common/cache/RemovalCause$3 done
Event: 1522.222 loading class com/google/common/cache/RemovalCause$4
Event: 1522.222 loading class com/google/common/cache/RemovalCause$4 done
Event: 1522.222 loading class com/google/common/cache/RemovalCause$5
Event: 1522.222 loading class com/google/common/cache/RemovalCause$5 done
Event: 1522.234 Thread 0x000000001c05c800 Uncommon trap: trap_request=0xffffffde fr.pc=0x00000000048a4448
Event: 1522.234 Thread 0x000000001c05c800 DEOPT PACKING pc=0x00000000048a4448 sp=0x000000001b29bb70
Event: 1522.234 Thread 0x000000001c05c800 DEOPT UNPACKING pc=0x00000000022e557b sp=0x000000001b29bb10 mode 2


Dynamic libraries:
0x00007ff7d0580000 - 0x00007ff7d05b1000 	C:\Program Files\Android\Android Studio\jre\bin\java.exe
0x00007ffad3630000 - 0x00007ffad3826000 	C:\WINDOWS\SYSTEM32\ntdll.dll
0x00007ffac38e0000 - 0x00007ffac38f2000 	C:\Program Files\AVAST Software\Avast\aswhook.dll
0x00007ffad2980000 - 0x00007ffad2a3d000 	C:\WINDOWS\System32\KERNEL32.DLL
0x00007ffad12d0000 - 0x00007ffad1598000 	C:\WINDOWS\System32\KERNELBASE.dll
0x00007ffad2a40000 - 0x00007ffad2aea000 	C:\WINDOWS\System32\ADVAPI32.dll
0x00007ffad2f20000 - 0x00007ffad2fbe000 	C:\WINDOWS\System32\msvcrt.dll
0x00007ffad2c20000 - 0x00007ffad2cbb000 	C:\WINDOWS\System32\sechost.dll
0x00007ffad2af0000 - 0x00007ffad2c14000 	C:\WINDOWS\System32\RPCRT4.dll
0x00007ffad31e0000 - 0x00007ffad3380000 	C:\WINDOWS\System32\USER32.dll
0x00007ffad12a0000 - 0x00007ffad12c2000 	C:\WINDOWS\System32\win32u.dll
0x00007ffad1ac0000 - 0x00007ffad1aea000 	C:\WINDOWS\System32\GDI32.dll
0x00007ffad10e0000 - 0x00007ffad11e9000 	C:\WINDOWS\System32\gdi32full.dll
0x00007ffad0fc0000 - 0x00007ffad105d000 	C:\WINDOWS\System32\msvcp_win.dll
0x00007ffad15a0000 - 0x00007ffad16a0000 	C:\WINDOWS\System32\ucrtbase.dll
0x00007ffac44c0000 - 0x00007ffac475b000 	C:\WINDOWS\WinSxS\amd64_microsoft.windows.common-controls_6595b64144ccf1df_6.0.19041.488_none_ca04af081b815d21\COMCTL32.dll
0x00007ffad16a0000 - 0x00007ffad16d0000 	C:\WINDOWS\System32\IMM32.DLL
0x0000000058280000 - 0x0000000058352000 	C:\Program Files\Android\Android Studio\jre\jre\bin\msvcr100.dll
0x0000000058360000 - 0x0000000058bab000 	C:\Program Files\Android\Android Studio\jre\jre\bin\server\jvm.dll
0x00007ffad2730000 - 0x00007ffad2738000 	C:\WINDOWS\System32\PSAPI.DLL
0x00007ffac0320000 - 0x00007ffac0329000 	C:\WINDOWS\SYSTEM32\WSOCK32.dll
0x00007ffad3030000 - 0x00007ffad309b000 	C:\WINDOWS\System32\WS2_32.dll
0x00007ffac4900000 - 0x00007ffac4927000 	C:\WINDOWS\SYSTEM32\WINMM.dll
0x00007ffaca260000 - 0x00007ffaca26a000 	C:\WINDOWS\SYSTEM32\VERSION.dll
0x00007ffacb1e0000 - 0x00007ffacb1ef000 	C:\Program Files\Android\Android Studio\jre\jre\bin\verify.dll
0x00007ffac1370000 - 0x00007ffac1399000 	C:\Program Files\Android\Android Studio\jre\jre\bin\java.dll
0x00007ffac1ec0000 - 0x00007ffac1ed6000 	C:\Program Files\Android\Android Studio\jre\jre\bin\zip.dll
0x00007ffad1f70000 - 0x00007ffad26b0000 	C:\WINDOWS\System32\SHELL32.dll
0x00007ffaceed0000 - 0x00007ffacf664000 	C:\WINDOWS\SYSTEM32\windows.storage.dll
0x00007ffad16d0000 - 0x00007ffad1a25000 	C:\WINDOWS\System32\combase.dll
0x00007ffad07f0000 - 0x00007ffad081c000 	C:\WINDOWS\SYSTEM32\Wldp.dll
0x00007ffad2e70000 - 0x00007ffad2f1e000 	C:\WINDOWS\System32\SHCORE.dll
0x00007ffad3380000 - 0x00007ffad33d5000 	C:\WINDOWS\System32\shlwapi.dll
0x00007ffad0cb0000 - 0x00007ffad0cd6000 	C:\WINDOWS\SYSTEM32\profapi.dll
0x00007ffac1cc0000 - 0x00007ffac1cda000 	C:\Program Files\Android\Android Studio\jre\jre\bin\net.dll
0x00007ffad0570000 - 0x00007ffad05da000 	C:\WINDOWS\system32\mswsock.dll
0x00007ffab6a90000 - 0x00007ffab6aa3000 	C:\Program Files\Android\Android Studio\jre\jre\bin\nio.dll
0x00007ffab9ed0000 - 0x00007ffab9ef6000 	C:\Users\Dell\.gradle\native\30\windows-amd64\native-platform.dll
0x00007ffacae60000 - 0x00007ffacae6d000 	C:\Program Files\Android\Android Studio\jre\jre\bin\management.dll
0x00007ffad0740000 - 0x00007ffad0758000 	C:\WINDOWS\SYSTEM32\CRYPTSP.dll
0x00007ffacfe90000 - 0x00007ffacfec4000 	C:\WINDOWS\system32\rsaenh.dll
0x00007ffad0ee0000 - 0x00007ffad0f07000 	C:\WINDOWS\System32\bcrypt.dll
0x00007ffad0c70000 - 0x00007ffad0c9e000 	C:\WINDOWS\SYSTEM32\USERENV.dll
0x00007ffad1060000 - 0x00007ffad10df000 	C:\WINDOWS\System32\bcryptprimitives.dll
0x00007ffad0760000 - 0x00007ffad076c000 	C:\WINDOWS\SYSTEM32\CRYPTBASE.dll
0x00007ffad0210000 - 0x00007ffad024b000 	C:\WINDOWS\SYSTEM32\IPHLPAPI.DLL
0x00007ffad1f60000 - 0x00007ffad1f69000 	C:\WINDOWS\System32\NSI.dll
0x00007ffac4e50000 - 0x00007ffac4e67000 	C:\WINDOWS\SYSTEM32\dhcpcsvc6.DLL
0x00007ffac52b0000 - 0x00007ffac52cd000 	C:\WINDOWS\SYSTEM32\dhcpcsvc.DLL
0x00007ffad0260000 - 0x00007ffad032b000 	C:\WINDOWS\SYSTEM32\DNSAPI.dll
0x00007ffac13c0000 - 0x00007ffac13e4000 	C:\Program Files\Android\Android Studio\jre\jre\bin\sunec.dll
0x00007ffac1460000 - 0x00007ffac146a000 	C:\Windows\System32\rasadhlp.dll
0x00007ffac3850000 - 0x00007ffac38cf000 	C:\WINDOWS\System32\fwpuclnt.dll
0x00007ffac0f90000 - 0x00007ffac0f9b000 	C:\Program Files\Android\Android Studio\jre\jre\bin\sunmscapi.dll
0x00007ffad0d80000 - 0x00007ffad0edd000 	C:\WINDOWS\System32\CRYPT32.dll
0x00007ffacfac0000 - 0x00007ffacfaf3000 	C:\WINDOWS\SYSTEM32\ntmarta.dll
0x00007ffa9f2f0000 - 0x00007ffa9f48c000 	C:\Program Files\Android\Android Studio\jre\jre\bin\awt.dll
0x00007ffad3520000 - 0x00007ffad35ed000 	C:\WINDOWS\System32\OLEAUT32.dll
0x00007ffacebc0000 - 0x00007ffacebef000 	C:\WINDOWS\SYSTEM32\dwmapi.dll
0x00007ffacd420000 - 0x00007ffacd9e0000 	C:\WINDOWS\SYSTEM32\d2d1.dll
0x00007fface640000 - 0x00007fface6d0000 	C:\WINDOWS\SYSTEM32\apphelp.dll
0x00007fface770000 - 0x00007fface80f000 	C:\WINDOWS\system32\uxtheme.dll
0x00007ffac9780000 - 0x00007ffac9964000 	C:\WINDOWS\SYSTEM32\dbghelp.dll

VM Arguments:
jvm_args: -Xmx1536m -Dfile.encoding=windows-1252 -Duser.country=US -Duser.language=en -Duser.variant 
java_command: org.gradle.launcher.daemon.bootstrap.GradleDaemon 5.6.4
java_class_path (initial): C:\Users\Dell\.gradle\wrapper\dists\gradle-5.6.4-all\ankdp27end7byghfw1q2sw75f\gradle-5.6.4\lib\gradle-launcher-5.6.4.jar
Launcher Type: SUN_STANDARD

Environment Variables:
CLASSPATH=.;C:\Program Files (x86)\QuickTime\QTSystem\QTJava.zip
PATH=C:\WINDOWS\system32;C:\WINDOWS;C:\WINDOWS\System32\Wbem;C:\WINDOWS\System32\WindowsPowerShell\v1.0\;C:\Program Files (x86)\QuickTime\QTSystem\;C:\WINDOWS\System32\OpenSSH\;C:\Users\Dell\AppData\Local\Microsoft\WindowsApps;G:\flutter\bin;
USERNAME=Dell
OS=Windows_NT
PROCESSOR_IDENTIFIER=Intel64 Family 6 Model 69 Stepping 1, GenuineIntel



---------------  S Y S T E M  ---------------

OS: Windows 10.0 , 64 bit Build 19041 (10.0.19041.546)

CPU:total 4 (initial active 4) (2 cores per cpu, 2 threads per core) family 6 model 69 stepping 1, cmov, cx8, fxsr, mmx, sse, sse2, sse3, ssse3, sse4.1, sse4.2, popcnt, avx, avx2, aes, clmul, erms, lzcnt, ht, tsc, tscinvbit, bmi1, bmi2

Memory: 4k page, physical 8291884k(473300k free), swap 18209860k(7449496k free)

vm_info: OpenJDK 64-Bit Server VM (25.242-b01) for windows-amd64 JRE (1.8.0_242-release-1644-b01), built by "builder" with MS VC++ 10.0 (VS2010)

time: Wed Oct 21 21:45:46 2020
timezone: India Standard Time
elapsed time: 1522 seconds (0d 0h 25m 22s)

